TN:
SF:C:\Users\Tudor\Downloads\vytasss\src\polyfills.ts
FNF:0
FNH:0
LF:0
LH:0
BRF:0
BRH:0
end_of_record
TN:
SF:C:\Users\Tudor\Downloads\vytasss\src\test.ts
FNF:0
FNH:0
DA:13,1
DA:18,1
DA:20,1
LF:3
LH:3
BRF:0
BRH:0
end_of_record
TN:
SF:C:\Users\Tudor\Downloads\vytasss\src\app\app.component.ts
FN:12,AppComponent
FN:16,(anonymous_2)
FNF:2
FNH:1
FNDA:1,AppComponent
FNDA:0,(anonymous_2)
DA:9,1
DA:10,1
DA:16,1
DA:19,1
LF:4
LH:4
BRF:0
BRH:0
end_of_record
TN:
SF:C:\Users\Tudor\Downloads\vytasss\src\app\auth.guard.ts
FN:12,AuthGuard
FN:14,(anonymous_2)
FN:21,(anonymous_3)
FNF:3
FNH:1
FNDA:1,AuthGuard
FNDA:0,(anonymous_2)
FNDA:0,(anonymous_3)
DA:10,1
DA:12,1
DA:14,1
DA:19,0
DA:21,0
DA:23,0
DA:24,0
DA:26,0
DA:27,0
DA:31,1
LF:10
LH:4
BRF:0
BRH:0
end_of_record
TN:
SF:C:\Users\Tudor\Downloads\vytasss\src\app\auth.service.ts
FN:19,AuthService
FN:21,(anonymous_2)
FN:25,(anonymous_3)
FN:29,(anonymous_4)
FN:37,(anonymous_5)
FNF:5
FNH:1
FNDA:5,AuthService
FNDA:0,(anonymous_2)
FNDA:0,(anonymous_3)
FNDA:0,(anonymous_4)
FNDA:0,(anonymous_5)
DA:15,1
DA:17,5
DA:19,5
DA:21,1
DA:22,0
DA:25,1
DA:26,0
DA:29,1
DA:30,0
DA:37,1
DA:38,0
DA:44,1
LF:12
LH:8
BRF:0
BRH:0
end_of_record
TN:
SF:C:\Users\Tudor\Downloads\vytasss\src\app\bot.service.ts
FN:17,BotService
FN:19,(anonymous_2)
FN:30,(anonymous_3)
FN:38,(anonymous_4)
FNF:4
FNH:2
FNDA:2,BotService
FNDA:1,(anonymous_2)
FNDA:0,(anonymous_3)
FNDA:0,(anonymous_4)
DA:15,1
DA:17,2
DA:19,1
DA:27,1
DA:30,1
DA:31,0
DA:38,1
DA:39,0
DA:41,1
LF:9
LH:7
BRF:0
BRH:0
end_of_record
TN:
SF:C:\Users\Tudor\Downloads\vytasss\src\app\user.service.ts
FN:30,UserService
FN:32,(anonymous_2)
FN:36,(anonymous_3)
FN:42,(anonymous_4)
FN:46,(anonymous_5)
FN:50,(anonymous_6)
FNF:6
FNH:3
FNDA:5,UserService
FNDA:1,(anonymous_2)
FNDA:0,(anonymous_3)
FNDA:0,(anonymous_4)
FNDA:1,(anonymous_5)
FNDA:0,(anonymous_6)
DA:28,1
DA:30,5
DA:32,1
DA:33,1
DA:36,1
DA:37,0
DA:42,1
DA:43,0
DA:46,1
DA:47,1
DA:50,1
DA:51,0
DA:56,1
LF:13
LH:10
BRF:0
BRH:0
end_of_record
TN:
SF:C:\Users\Tudor\Downloads\vytasss\src\app\dashboard\dashboard.component.ts
FN:15,DashboardComponent
FN:17,(anonymous_2)
FN:18,(anonymous_3)
FN:28,(anonymous_4)
FN:30,(anonymous_5)
FNF:5
FNH:2
FNDA:1,DashboardComponent
FNDA:1,(anonymous_2)
FNDA:0,(anonymous_3)
FNDA:0,(anonymous_4)
FNDA:0,(anonymous_5)
DA:10,1
DA:12,1
DA:13,1
DA:15,1
DA:17,1
DA:18,1
DA:20,0
DA:21,0
DA:23,0
DA:28,1
DA:29,0
DA:30,0
DA:32,0
DA:33,0
DA:35,0
DA:39,1
LF:16
LH:8
BRF:0
BRH:0
end_of_record
TN:
SF:C:\Users\Tudor\Downloads\vytasss\src\app\home\home.component.ts
FN:29,HomeComponent
FN:31,(anonymous_2)
FN:34,(anonymous_3)
FN:40,(anonymous_4)
FN:59,(anonymous_5)
FN:64,(anonymous_6)
FN:75,(anonymous_7)
FN:76,(anonymous_8)
FN:86,(anonymous_9)
FN:89,(anonymous_10)
FN:95,(anonymous_11)
FN:100,(anonymous_12)
FN:101,(anonymous_13)
FN:123,(anonymous_14)
FN:124,(anonymous_15)
FNF:15
FNH:3
FNDA:1,HomeComponent
FNDA:1,(anonymous_2)
FNDA:0,(anonymous_3)
FNDA:0,(anonymous_4)
FNDA:0,(anonymous_5)
FNDA:0,(anonymous_6)
FNDA:1,(anonymous_7)
FNDA:0,(anonymous_8)
FNDA:0,(anonymous_9)
FNDA:0,(anonymous_10)
FNDA:0,(anonymous_11)
FNDA:0,(anonymous_12)
FNDA:0,(anonymous_13)
FNDA:0,(anonymous_14)
FNDA:0,(anonymous_15)
DA:13,1
DA:21,1
DA:22,1
DA:23,1
DA:29,1
DA:31,1
DA:33,1
DA:35,0
DA:43,0
DA:44,0
DA:46,0
DA:47,0
DA:49,0
DA:50,0
DA:55,1
DA:59,1
DA:60,0
DA:61,0
DA:64,0
DA:65,0
DA:66,0
DA:67,0
DA:68,0
DA:69,0
DA:70,0
DA:75,1
DA:76,1
DA:78,0
DA:80,0
DA:81,0
DA:86,1
DA:87,0
DA:88,0
DA:89,0
DA:91,0
DA:93,0
DA:94,0
DA:95,0
DA:100,1
DA:101,0
DA:104,0
DA:107,0
DA:108,0
DA:111,0
DA:112,0
DA:113,0
DA:116,0
DA:117,0
DA:123,1
DA:124,0
DA:126,0
DA:127,0
DA:129,0
DA:134,1
LF:54
LH:15
BRDA:32,0,0,1
BRDA:32,0,1,1
BRDA:42,1,0,0
BRDA:42,1,1,0
BRDA:42,1,2,0
BRF:5
BRH:2
end_of_record
TN:
SF:C:\Users\Tudor\Downloads\vytasss\src\app\login\login.component.ts
FN:12,LoginComponent
FN:14,(anonymous_2)
FN:17,(anonymous_3)
FN:23,(anonymous_4)
FNF:4
FNH:2
FNDA:1,LoginComponent
FNDA:1,(anonymous_2)
FNDA:0,(anonymous_3)
FNDA:0,(anonymous_4)
DA:10,1
DA:12,1
DA:14,1
DA:17,1
DA:18,0
DA:19,0
DA:20,0
DA:21,0
DA:23,0
DA:25,0
DA:26,0
DA:28,0
DA:32,1
LF:13
LH:5
BRF:0
BRH:0
end_of_record
TN:
SF:C:\Users\Tudor\Downloads\vytasss\src\app\logout\logout.component.ts
FN:13,LogoutComponent
FN:15,(anonymous_2)
FN:16,(anonymous_3)
FNF:3
FNH:2
FNDA:1,LogoutComponent
FNDA:1,(anonymous_2)
FNDA:0,(anonymous_3)
DA:11,1
DA:13,1
DA:15,1
DA:16,1
DA:18,0
DA:19,0
DA:21,0
DA:25,1
LF:8
LH:5
BRF:0
BRH:0
end_of_record
TN:
SF:C:\Users\Tudor\Downloads\vytasss\src\app\register\register.component.ts
FN:13,RegisterComponent
FN:15,(anonymous_2)
FN:18,(anonymous_3)
FN:30,(anonymous_4)
FNF:4
FNH:2
FNDA:1,RegisterComponent
FNDA:1,(anonymous_2)
FNDA:0,(anonymous_3)
FNDA:0,(anonymous_4)
DA:10,1
DA:11,1
DA:13,1
DA:15,1
DA:18,1
DA:19,0
DA:20,0
DA:21,0
DA:22,0
DA:23,0
DA:26,0
DA:30,0
DA:32,0
DA:37,1
LF:14
LH:6
BRF:0
BRH:0
end_of_record
